-- OBJ file converter v0.1 --
Defining Material plain_core
Specular Power: 9.849158
Ambient: 1.000000 1.000000 1.000000
Specular: 0.000000 0.000000 0.000000
Emissive: 0.000000 0.000000 0.000000
Refractivity: 1.500000
Dissolve: 1.000000
Illumination Mode: 1
Texture Map: checkerboard.png
Defining Material plain_wall
Specular Power: 9.849158
Ambient: 1.000000 1.000000 1.000000
Specular: 0.000000 0.000000 0.000000
Emissive: 0.000000 0.000000 0.000000
Refractivity: 1.500000
Dissolve: 1.000000
Illumination Mode: 1
Texture Map: checkerboard.png
Defining Material plain_wall.001
Specular Power: 9.849158
Ambient: 1.000000 1.000000 1.000000
Specular: 0.000000 0.000000 0.000000
Emissive: 0.000000 0.000000 0.000000
Refractivity: 1.500000
Dissolve: 1.000000
Illumination Mode: 1
Texture Map: checkerboard.png
Defining Material plain_wall.002
Specular Power: 9.849158
Ambient: 1.000000 1.000000 1.000000
Specular: 0.000000 0.000000 0.000000
Emissive: 0.000000 0.000000 0.000000
Refractivity: 1.500000
Dissolve: 1.000000
Illumination Mode: 1
Texture Map: checkerboard.png
Defining Material plain_wall.003
Specular Power: 9.849158
Ambient: 1.000000 1.000000 1.000000
Specular: 0.000000 0.000000 0.000000
Emissive: 0.000000 0.000000 0.000000
Refractivity: 1.500000
Dissolve: 1.000000
Illumination Mode: 1
Texture Map: checkerboard.png
Vertex {0 0 0 1 1 1 1 1 false}
Vertex {1 0 0 1 1 1 1 1 false}
Vertex {1 0 1 1 1 1 1 1 false}
Vertex {0 0 1 1 1 1 1 1 false}
Vertex {0 1 -0 1 1 1 1 1 false}
Vertex {1 1 -0 1 1 1 1 1 false}
Vertex {1 1 1 1 1 1 1 1 false}
Vertex {0 1 1 1 1 1 1 1 false}
Normal {-0 1 -0 0 false}
Normal {-0 -1 -0 0 false}
TextureCoord {0 0 0 false}
TextureCoord {1 1 0 false}
TextureCoord {1 0 0 false}
TextureCoord {0 1 0 false}
Using Material plain_core
Vertex {1 0 0 1 1 1 1 1 false}
Vertex {1 1 -0 1 1 1 1 1 false}
Vertex {1 1 1 1 1 1 1 1 false}
Vertex {1 0 1 1 1 1 1 1 false}
Normal {-1 -0 -0 0 false}
TextureCoord {0 0 0 false}
TextureCoord {1 1 0 false}
TextureCoord {1 0 0 false}
TextureCoord {0 1 0 false}
Using Material plain_wall
Vertex {0 0 0 1 1 1 1 1 false}
Vertex {1 0 0 1 1 1 1 1 false}
Vertex {1 1 -0 1 1 1 1 1 false}
Vertex {0 1 -0 1 1 1 1 1 false}
Normal {-0 -0 1 0 false}
TextureCoord {0 0 0 false}
TextureCoord {1 0 0 false}
TextureCoord {1 1 0 false}
TextureCoord {0 1 0 false}
Using Material plain_wall.001
Vertex {0 0 1 1 1 1 1 1 false}
Vertex {1 0 1 1 1 1 1 1 false}
Vertex {1 1 1 1 1 1 1 1 false}
Vertex {0 1 1 1 1 1 1 1 false}
Normal {-0 -0 -1 0 false}
TextureCoord {0 0 0 false}
TextureCoord {1 1 0 false}
TextureCoord {1 0 0 false}
TextureCoord {0 1 0 false}
Using Material plain_wall.002
Vertex {0 0 0 1 1 1 1 1 false}
Vertex {0 1 -0 1 1 1 1 1 false}
Vertex {0 1 1 1 1 1 1 1 false}
Vertex {0 0 1 1 1 1 1 1 false}
Normal {1 -0 -0 0 false}
TextureCoord {0 0 0 false}
TextureCoord {1 0 0 false}
TextureCoord {1 1 0 false}
TextureCoord {0 1 0 false}
Using Material plain_wall.003
Processing Face 0
Processing Face 1
Processing Face 2
Processing Face 3
Processing Face 4
Processing Face 5
Processing Face 6
Processing Face 7
Processing Face 8
Processing Face 9
Processing Face 10
Processing Face 11
Faces before mesh optimsation:
{3 [0 2 1] [0 0 0] [] [0 1 2] 0 plain_core 0 false}
{3 [0 3 2] [0 0 0] [] [0 3 1] 0 plain_core 0 false}
{3 [4 5 6] [1 1 1] [] [0 2 1] 0 plain_core 0 false}
{3 [4 6 7] [1 1 1] [] [0 1 3] 0 plain_core 0 false}
{3 [8 10 9] [2 2 2] [] [4 5 6] 1 plain_wall 0 false}
{3 [8 11 10] [2 2 2] [] [4 7 5] 1 plain_wall 0 false}
{3 [12 13 14] [3 3 3] [] [8 9 10] 2 plain_wall.001 0 false}
{3 [12 14 15] [3 3 3] [] [8 10 11] 2 plain_wall.001 0 false}
{3 [16 18 17] [4 4 4] [] [12 13 14] 3 plain_wall.002 0 false}
{3 [16 19 18] [4 4 4] [] [12 15 13] 3 plain_wall.002 0 false}
{3 [20 21 22] [5 5 5] [] [16 17 18] 4 plain_wall.003 0 false}
{3 [20 22 23] [5 5 5] [] [16 18 19] 4 plain_wall.003 0 false}
Generated Bounding Sphere: {{0.5 0.5 0.5 1 0 0 0 0 false} 0.8660254}
Faces after mesh optimsation:
{3 [0 1 2] [0 0 0] [] [0 2 2] 2 plain_wall.001 181726346 true}
{3 [0 3 1] [1 1 1] [] [0 2 2] 0 plain_core 214756620 true}
{3 [0 2 4] [0 0 0] [] [0 2 3] 2 plain_wall.001 297359953 true}
{3 [0 4 5] [3 3 3] [] [0 2 2] 4 plain_wall.003 346905364 true}
{3 [1 6 2] [4 4 4] [] [0 2 2] 1 plain_wall 495569245 true}
{3 [4 2 6] [2 2 2] [] [0 2 2] 0 plain_core 512084382 true}
{3 [0 7 7] [1 1 1] [] [0 3 2] 0 plain_core 561657441 true}
{3 [0 5 7] [3 3 3] [] [0 2 3] 4 plain_wall.003 578172578 true}
{3 [1 3 6] [4 4 4] [] [0 3 2] 1 plain_wall 726836459 true}
{3 [7 6 7] [5 5 5] [] [0 2 2] 3 plain_wall.002 776381870 true}
{3 [4 6 5] [2 2 2] [] [0 2 3] 0 plain_core 858985203 true}
{3 [7 5 6] [5 5 5] [] [0 3 2] 3 plain_wall.002 892015477 true}
Writing output file...
Done.
